<?xml version="1.0" encoding="UTF-8"?>
<testng-results ignored="0" total="16" passed="15" failed="1" skipped="0">
  <reporter-output>
  </reporter-output>
  <suite started-at="2019-03-24T15:58:38Z" name="Ebay Automation Script " finished-at="2019-03-24T16:00:57Z" duration-ms="138480">
    <groups>
    </groups>
    <test started-at="2019-03-24T15:58:38Z" name="Ebay Test" finished-at="2019-03-24T16:00:57Z" duration-ms="138480">
      <class name="ebayTests.signInTest">
        <test-method is-config="true" signature="setUp(java.lang.String)[pri:0, instance:ebayTests.signInTest@a1153bc]" started-at="2019-03-24T16:00:36Z" name="setUp" finished-at="2019-03-24T16:00:41Z" duration-ms="5202" status="PASS">
          <params>
            <param index="0">
              <value>
                <![CDATA[https://www.ebay.com/]]>
              </value>
            </param>
          </params>
          <reporter-output>
          </reporter-output>
        </test-method> <!-- setUp -->
        <test-method is-config="true" signature="initElements()[pri:0, instance:ebayTests.signInTest@a1153bc]" started-at="2019-03-24T16:00:41Z" name="initElements" finished-at="2019-03-24T16:00:41Z" duration-ms="2" status="PASS">
          <reporter-output>
          </reporter-output>
        </test-method> <!-- initElements -->
        <test-method signature="registerTest()[pri:0, instance:ebayTests.signInTest@a1153bc]" started-at="2019-03-24T16:00:41Z" name="registerTest" finished-at="2019-03-24T16:00:46Z" duration-ms="4373" status="PASS">
          <reporter-output>
          </reporter-output>
        </test-method> <!-- registerTest -->
        <test-method is-config="true" signature="cleanUP()[pri:0, instance:ebayTests.signInTest@a1153bc]" started-at="2019-03-24T16:00:46Z" name="cleanUP" finished-at="2019-03-24T16:00:46Z" duration-ms="107" status="PASS">
          <reporter-output>
          </reporter-output>
        </test-method> <!-- cleanUP -->
        <test-method is-config="true" signature="setUp(java.lang.String)[pri:0, instance:ebayTests.signInTest@a1153bc]" started-at="2019-03-24T16:00:46Z" name="setUp" finished-at="2019-03-24T16:00:52Z" duration-ms="6241" status="PASS">
          <params>
            <param index="0">
              <value>
                <![CDATA[https://www.ebay.com/]]>
              </value>
            </param>
          </params>
          <reporter-output>
          </reporter-output>
        </test-method> <!-- setUp -->
        <test-method is-config="true" signature="initElements()[pri:0, instance:ebayTests.signInTest@a1153bc]" started-at="2019-03-24T16:00:52Z" name="initElements" finished-at="2019-03-24T16:00:52Z" duration-ms="0" status="PASS">
          <reporter-output>
          </reporter-output>
        </test-method> <!-- initElements -->
        <test-method signature="signInTest()[pri:0, instance:ebayTests.signInTest@a1153bc]" started-at="2019-03-24T16:00:52Z" name="signInTest" finished-at="2019-03-24T16:00:56Z" duration-ms="4431" status="PASS">
          <reporter-output>
          </reporter-output>
        </test-method> <!-- signInTest -->
        <test-method is-config="true" signature="cleanUP()[pri:0, instance:ebayTests.signInTest@a1153bc]" started-at="2019-03-24T16:00:56Z" name="cleanUP" finished-at="2019-03-24T16:00:57Z" duration-ms="117" status="PASS">
          <reporter-output>
          </reporter-output>
        </test-method> <!-- cleanUP -->
      </class> <!-- ebayTests.signInTest -->
      <class name="ebayTests.HomeUtilitiesTests">
        <test-method is-config="true" signature="setUp(java.lang.String)[pri:0, instance:ebayTests.HomeUtilitiesTests@48f2bd5b]" started-at="2019-03-24T15:58:38Z" name="setUp" finished-at="2019-03-24T15:58:43Z" duration-ms="4729" status="PASS">
          <params>
            <param index="0">
              <value>
                <![CDATA[https://www.ebay.com/]]>
              </value>
            </param>
          </params>
          <reporter-output>
          </reporter-output>
        </test-method> <!-- setUp -->
        <test-method is-config="true" signature="initelEments()[pri:0, instance:ebayTests.HomeUtilitiesTests@48f2bd5b]" started-at="2019-03-24T15:58:43Z" name="initelEments" finished-at="2019-03-24T15:58:43Z" duration-ms="18" status="PASS">
          <reporter-output>
          </reporter-output>
        </test-method> <!-- initelEments -->
        <test-method signature="businessAndIndustrialUtilityTest()[pri:0, instance:ebayTests.HomeUtilitiesTests@48f2bd5b]" started-at="2019-03-24T15:58:43Z" name="businessAndIndustrialUtilityTest" finished-at="2019-03-24T15:58:46Z" duration-ms="3581" status="PASS">
          <reporter-output>
          </reporter-output>
        </test-method> <!-- businessAndIndustrialUtilityTest -->
        <test-method is-config="true" signature="cleanUP()[pri:0, instance:ebayTests.HomeUtilitiesTests@48f2bd5b]" started-at="2019-03-24T15:58:46Z" name="cleanUP" finished-at="2019-03-24T15:58:47Z" duration-ms="114" status="PASS">
          <reporter-output>
          </reporter-output>
        </test-method> <!-- cleanUP -->
        <test-method is-config="true" signature="setUp(java.lang.String)[pri:0, instance:ebayTests.HomeUtilitiesTests@48f2bd5b]" started-at="2019-03-24T15:58:47Z" name="setUp" finished-at="2019-03-24T15:58:51Z" duration-ms="4347" status="PASS">
          <params>
            <param index="0">
              <value>
                <![CDATA[https://www.ebay.com/]]>
              </value>
            </param>
          </params>
          <reporter-output>
          </reporter-output>
        </test-method> <!-- setUp -->
        <test-method is-config="true" signature="initelEments()[pri:0, instance:ebayTests.HomeUtilitiesTests@48f2bd5b]" started-at="2019-03-24T15:58:51Z" name="initelEments" finished-at="2019-03-24T15:58:51Z" duration-ms="0" status="PASS">
          <reporter-output>
          </reporter-output>
        </test-method> <!-- initelEments -->
        <test-method signature="collectiblesAndArtTest()[pri:0, instance:ebayTests.HomeUtilitiesTests@48f2bd5b]" started-at="2019-03-24T15:58:51Z" name="collectiblesAndArtTest" finished-at="2019-03-24T15:58:52Z" duration-ms="1266" status="PASS">
          <reporter-output>
          </reporter-output>
        </test-method> <!-- collectiblesAndArtTest -->
        <test-method is-config="true" signature="cleanUP()[pri:0, instance:ebayTests.HomeUtilitiesTests@48f2bd5b]" started-at="2019-03-24T15:58:52Z" name="cleanUP" finished-at="2019-03-24T15:58:52Z" duration-ms="103" status="PASS">
          <reporter-output>
          </reporter-output>
        </test-method> <!-- cleanUP -->
        <test-method is-config="true" signature="setUp(java.lang.String)[pri:0, instance:ebayTests.HomeUtilitiesTests@48f2bd5b]" started-at="2019-03-24T15:58:52Z" name="setUp" finished-at="2019-03-24T15:58:58Z" duration-ms="5358" status="PASS">
          <params>
            <param index="0">
              <value>
                <![CDATA[https://www.ebay.com/]]>
              </value>
            </param>
          </params>
          <reporter-output>
          </reporter-output>
        </test-method> <!-- setUp -->
        <test-method is-config="true" signature="initelEments()[pri:0, instance:ebayTests.HomeUtilitiesTests@48f2bd5b]" started-at="2019-03-24T15:58:58Z" name="initelEments" finished-at="2019-03-24T15:58:58Z" duration-ms="1" status="PASS">
          <reporter-output>
          </reporter-output>
        </test-method> <!-- initelEments -->
        <test-method signature="dealsUtilityTest()[pri:0, instance:ebayTests.HomeUtilitiesTests@48f2bd5b]" started-at="2019-03-24T15:58:58Z" name="dealsUtilityTest" finished-at="2019-03-24T15:58:59Z" duration-ms="1694" status="PASS">
          <reporter-output>
          </reporter-output>
        </test-method> <!-- dealsUtilityTest -->
        <test-method is-config="true" signature="cleanUP()[pri:0, instance:ebayTests.HomeUtilitiesTests@48f2bd5b]" started-at="2019-03-24T15:58:59Z" name="cleanUP" finished-at="2019-03-24T15:58:59Z" duration-ms="114" status="PASS">
          <reporter-output>
          </reporter-output>
        </test-method> <!-- cleanUP -->
        <test-method is-config="true" signature="setUp(java.lang.String)[pri:0, instance:ebayTests.HomeUtilitiesTests@48f2bd5b]" started-at="2019-03-24T15:58:59Z" name="setUp" finished-at="2019-03-24T15:59:04Z" duration-ms="4303" status="PASS">
          <params>
            <param index="0">
              <value>
                <![CDATA[https://www.ebay.com/]]>
              </value>
            </param>
          </params>
          <reporter-output>
          </reporter-output>
        </test-method> <!-- setUp -->
        <test-method is-config="true" signature="initelEments()[pri:0, instance:ebayTests.HomeUtilitiesTests@48f2bd5b]" started-at="2019-03-24T15:59:04Z" name="initelEments" finished-at="2019-03-24T15:59:04Z" duration-ms="1" status="PASS">
          <reporter-output>
          </reporter-output>
        </test-method> <!-- initelEments -->
        <test-method signature="electronicsUtilityTest()[pri:0, instance:ebayTests.HomeUtilitiesTests@48f2bd5b]" started-at="2019-03-24T15:59:04Z" name="electronicsUtilityTest" finished-at="2019-03-24T15:59:06Z" duration-ms="2697" status="PASS">
          <reporter-output>
          </reporter-output>
        </test-method> <!-- electronicsUtilityTest -->
        <test-method is-config="true" signature="cleanUP()[pri:0, instance:ebayTests.HomeUtilitiesTests@48f2bd5b]" started-at="2019-03-24T15:59:06Z" name="cleanUP" finished-at="2019-03-24T15:59:07Z" duration-ms="109" status="PASS">
          <reporter-output>
          </reporter-output>
        </test-method> <!-- cleanUP -->
        <test-method is-config="true" signature="setUp(java.lang.String)[pri:0, instance:ebayTests.HomeUtilitiesTests@48f2bd5b]" started-at="2019-03-24T15:59:07Z" name="setUp" finished-at="2019-03-24T15:59:12Z" duration-ms="5202" status="PASS">
          <params>
            <param index="0">
              <value>
                <![CDATA[https://www.ebay.com/]]>
              </value>
            </param>
          </params>
          <reporter-output>
          </reporter-output>
        </test-method> <!-- setUp -->
        <test-method is-config="true" signature="initelEments()[pri:0, instance:ebayTests.HomeUtilitiesTests@48f2bd5b]" started-at="2019-03-24T15:59:12Z" name="initelEments" finished-at="2019-03-24T15:59:12Z" duration-ms="1" status="PASS">
          <reporter-output>
          </reporter-output>
        </test-method> <!-- initelEments -->
        <test-method signature="fashionUtilityTest()[pri:0, instance:ebayTests.HomeUtilitiesTests@48f2bd5b]" started-at="2019-03-24T15:59:12Z" name="fashionUtilityTest" finished-at="2019-03-24T15:59:14Z" duration-ms="2587" status="PASS">
          <reporter-output>
          </reporter-output>
        </test-method> <!-- fashionUtilityTest -->
        <test-method is-config="true" signature="cleanUP()[pri:0, instance:ebayTests.HomeUtilitiesTests@48f2bd5b]" started-at="2019-03-24T15:59:14Z" name="cleanUP" finished-at="2019-03-24T15:59:14Z" duration-ms="116" status="PASS">
          <reporter-output>
          </reporter-output>
        </test-method> <!-- cleanUP -->
        <test-method is-config="true" signature="setUp(java.lang.String)[pri:0, instance:ebayTests.HomeUtilitiesTests@48f2bd5b]" started-at="2019-03-24T15:59:14Z" name="setUp" finished-at="2019-03-24T15:59:21Z" duration-ms="6343" status="PASS">
          <params>
            <param index="0">
              <value>
                <![CDATA[https://www.ebay.com/]]>
              </value>
            </param>
          </params>
          <reporter-output>
          </reporter-output>
        </test-method> <!-- setUp -->
        <test-method is-config="true" signature="initelEments()[pri:0, instance:ebayTests.HomeUtilitiesTests@48f2bd5b]" started-at="2019-03-24T15:59:21Z" name="initelEments" finished-at="2019-03-24T15:59:21Z" duration-ms="0" status="PASS">
          <reporter-output>
          </reporter-output>
        </test-method> <!-- initelEments -->
        <test-method signature="homeAndGardenTest()[pri:0, instance:ebayTests.HomeUtilitiesTests@48f2bd5b]" started-at="2019-03-24T15:59:21Z" name="homeAndGardenTest" finished-at="2019-03-24T15:59:23Z" duration-ms="1774" status="PASS">
          <reporter-output>
          </reporter-output>
        </test-method> <!-- homeAndGardenTest -->
        <test-method is-config="true" signature="cleanUP()[pri:0, instance:ebayTests.HomeUtilitiesTests@48f2bd5b]" started-at="2019-03-24T15:59:23Z" name="cleanUP" finished-at="2019-03-24T15:59:23Z" duration-ms="114" status="PASS">
          <reporter-output>
          </reporter-output>
        </test-method> <!-- cleanUP -->
        <test-method is-config="true" signature="setUp(java.lang.String)[pri:0, instance:ebayTests.HomeUtilitiesTests@48f2bd5b]" started-at="2019-03-24T15:59:23Z" name="setUp" finished-at="2019-03-24T15:59:27Z" duration-ms="4773" status="PASS">
          <params>
            <param index="0">
              <value>
                <![CDATA[https://www.ebay.com/]]>
              </value>
            </param>
          </params>
          <reporter-output>
          </reporter-output>
        </test-method> <!-- setUp -->
        <test-method is-config="true" signature="initelEments()[pri:0, instance:ebayTests.HomeUtilitiesTests@48f2bd5b]" started-at="2019-03-24T15:59:27Z" name="initelEments" finished-at="2019-03-24T15:59:27Z" duration-ms="6" status="PASS">
          <reporter-output>
          </reporter-output>
        </test-method> <!-- initelEments -->
        <test-method signature="homeButtonTest()[pri:0, instance:ebayTests.HomeUtilitiesTests@48f2bd5b]" started-at="2019-03-24T15:59:27Z" name="homeButtonTest" finished-at="2019-03-24T15:59:28Z" duration-ms="60" status="PASS">
          <reporter-output>
          </reporter-output>
        </test-method> <!-- homeButtonTest -->
        <test-method is-config="true" signature="cleanUP()[pri:0, instance:ebayTests.HomeUtilitiesTests@48f2bd5b]" started-at="2019-03-24T15:59:28Z" name="cleanUP" finished-at="2019-03-24T15:59:28Z" duration-ms="105" status="PASS">
          <reporter-output>
          </reporter-output>
        </test-method> <!-- cleanUP -->
        <test-method is-config="true" signature="setUp(java.lang.String)[pri:0, instance:ebayTests.HomeUtilitiesTests@48f2bd5b]" started-at="2019-03-24T15:59:28Z" name="setUp" finished-at="2019-03-24T15:59:33Z" duration-ms="5702" status="PASS">
          <params>
            <param index="0">
              <value>
                <![CDATA[https://www.ebay.com/]]>
              </value>
            </param>
          </params>
          <reporter-output>
          </reporter-output>
        </test-method> <!-- setUp -->
        <test-method is-config="true" signature="initelEments()[pri:0, instance:ebayTests.HomeUtilitiesTests@48f2bd5b]" started-at="2019-03-24T15:59:33Z" name="initelEments" finished-at="2019-03-24T15:59:33Z" duration-ms="1" status="PASS">
          <reporter-output>
          </reporter-output>
        </test-method> <!-- initelEments -->
        <test-method signature="motorsUtilTest()[pri:0, instance:ebayTests.HomeUtilitiesTests@48f2bd5b]" started-at="2019-03-24T15:59:33Z" name="motorsUtilTest" finished-at="2019-03-24T15:59:35Z" duration-ms="1633" status="PASS">
          <reporter-output>
          </reporter-output>
        </test-method> <!-- motorsUtilTest -->
        <test-method is-config="true" signature="cleanUP()[pri:0, instance:ebayTests.HomeUtilitiesTests@48f2bd5b]" started-at="2019-03-24T15:59:35Z" name="cleanUP" finished-at="2019-03-24T15:59:35Z" duration-ms="112" status="PASS">
          <reporter-output>
          </reporter-output>
        </test-method> <!-- cleanUP -->
        <test-method is-config="true" signature="setUp(java.lang.String)[pri:0, instance:ebayTests.HomeUtilitiesTests@48f2bd5b]" started-at="2019-03-24T15:59:35Z" name="setUp" finished-at="2019-03-24T15:59:41Z" duration-ms="6045" status="PASS">
          <params>
            <param index="0">
              <value>
                <![CDATA[https://www.ebay.com/]]>
              </value>
            </param>
          </params>
          <reporter-output>
          </reporter-output>
        </test-method> <!-- setUp -->
        <test-method is-config="true" signature="initelEments()[pri:0, instance:ebayTests.HomeUtilitiesTests@48f2bd5b]" started-at="2019-03-24T15:59:41Z" name="initelEments" finished-at="2019-03-24T15:59:41Z" duration-ms="1" status="PASS">
          <reporter-output>
          </reporter-output>
        </test-method> <!-- initelEments -->
        <test-method signature="musicUtilityTest()[pri:0, instance:ebayTests.HomeUtilitiesTests@48f2bd5b]" started-at="2019-03-24T15:59:41Z" name="musicUtilityTest" finished-at="2019-03-24T15:59:43Z" duration-ms="1556" status="PASS">
          <reporter-output>
          </reporter-output>
        </test-method> <!-- musicUtilityTest -->
        <test-method is-config="true" signature="cleanUP()[pri:0, instance:ebayTests.HomeUtilitiesTests@48f2bd5b]" started-at="2019-03-24T15:59:43Z" name="cleanUP" finished-at="2019-03-24T15:59:43Z" duration-ms="108" status="PASS">
          <reporter-output>
          </reporter-output>
        </test-method> <!-- cleanUP -->
        <test-method is-config="true" signature="setUp(java.lang.String)[pri:0, instance:ebayTests.HomeUtilitiesTests@48f2bd5b]" started-at="2019-03-24T15:59:43Z" name="setUp" finished-at="2019-03-24T15:59:48Z" duration-ms="5056" status="PASS">
          <params>
            <param index="0">
              <value>
                <![CDATA[https://www.ebay.com/]]>
              </value>
            </param>
          </params>
          <reporter-output>
          </reporter-output>
        </test-method> <!-- setUp -->
        <test-method is-config="true" signature="initelEments()[pri:0, instance:ebayTests.HomeUtilitiesTests@48f2bd5b]" started-at="2019-03-24T15:59:48Z" name="initelEments" finished-at="2019-03-24T15:59:48Z" duration-ms="1" status="PASS">
          <reporter-output>
          </reporter-output>
        </test-method> <!-- initelEments -->
        <test-method signature="savedUtilityTest()[pri:0, instance:ebayTests.HomeUtilitiesTests@48f2bd5b]" started-at="2019-03-24T15:59:48Z" name="savedUtilityTest" finished-at="2019-03-24T15:59:58Z" duration-ms="10034" status="FAIL">
          <exception class="org.openqa.selenium.NoSuchElementException">
            <message>
              <![CDATA[no such element: Unable to locate element: {"method":"xpath","selector":"//a[contains(text(), 'Saved') and @href='/feed']"}
  (Session info: chrome=73.0.3683.86)
  (Driver info: chromedriver=73.0.3683.68 (47787ec04b6e38e22703e856e101e840b65afe72),platform=Mac OS X 10.14.3 x86_64) (WARNING: The server did not provide any stacktrace information)
Command duration or timeout: 0 milliseconds
For documentation on this error, please visit: https://www.seleniumhq.org/exceptions/no_such_element.html
Build info: version: '3.141.59', revision: 'e82be7d358', time: '2018-11-14T08:17:03'
System info: host: 'Mds-MacBook-Pro.attlocal.net', ip: '2600:1700:7730:10c0:0:0:0:37%en0', os.name: 'Mac OS X', os.arch: 'x86_64', os.version: '10.14.3', java.version: '11.0.2'
Driver info: org.openqa.selenium.chrome.ChromeDriver
Capabilities {acceptInsecureCerts: false, acceptSslCerts: false, applicationCacheEnabled: false, browserConnectionEnabled: false, browserName: chrome, chrome: {chromedriverVersion: 73.0.3683.68 (47787ec04b6e3..., userDataDir: /var/folders/j4/vzdsqcyj4qz...}, cssSelectorsEnabled: true, databaseEnabled: false, goog:chromeOptions: {debuggerAddress: localhost:61087}, handlesAlerts: true, hasTouchScreen: false, javascriptEnabled: true, locationContextEnabled: true, mobileEmulationEnabled: false, nativeEvents: true, networkConnectionEnabled: false, pageLoadStrategy: normal, platform: MAC, platformName: MAC, proxy: Proxy(), rotatable: false, setWindowRect: true, strictFileInteractability: false, takesHeapSnapshot: true, takesScreenshot: true, timeouts: {implicit: 0, pageLoad: 300000, script: 30000}, unexpectedAlertBehaviour: ignore, unhandledPromptBehavior: ignore, version: 73.0.3683.86, webStorageEnabled: true}
Session ID: e21d575da281d564907bf394ee2ad5c8
*** Element info: {Using=xpath, value=//a[contains(text(), 'Saved') and @href='/feed']}]]>
            </message>
            <full-stacktrace>
              <![CDATA[org.openqa.selenium.NoSuchElementException: no such element: Unable to locate element: {"method":"xpath","selector":"//a[contains(text(), 'Saved') and @href='/feed']"}
  (Session info: chrome=73.0.3683.86)
  (Driver info: chromedriver=73.0.3683.68 (47787ec04b6e38e22703e856e101e840b65afe72),platform=Mac OS X 10.14.3 x86_64) (WARNING: The server did not provide any stacktrace information)
Command duration or timeout: 0 milliseconds
For documentation on this error, please visit: https://www.seleniumhq.org/exceptions/no_such_element.html
Build info: version: '3.141.59', revision: 'e82be7d358', time: '2018-11-14T08:17:03'
System info: host: 'Mds-MacBook-Pro.attlocal.net', ip: '2600:1700:7730:10c0:0:0:0:37%en0', os.name: 'Mac OS X', os.arch: 'x86_64', os.version: '10.14.3', java.version: '11.0.2'
Driver info: org.openqa.selenium.chrome.ChromeDriver
Capabilities {acceptInsecureCerts: false, acceptSslCerts: false, applicationCacheEnabled: false, browserConnectionEnabled: false, browserName: chrome, chrome: {chromedriverVersion: 73.0.3683.68 (47787ec04b6e3..., userDataDir: /var/folders/j4/vzdsqcyj4qz...}, cssSelectorsEnabled: true, databaseEnabled: false, goog:chromeOptions: {debuggerAddress: localhost:61087}, handlesAlerts: true, hasTouchScreen: false, javascriptEnabled: true, locationContextEnabled: true, mobileEmulationEnabled: false, nativeEvents: true, networkConnectionEnabled: false, pageLoadStrategy: normal, platform: MAC, platformName: MAC, proxy: Proxy(), rotatable: false, setWindowRect: true, strictFileInteractability: false, takesHeapSnapshot: true, takesScreenshot: true, timeouts: {implicit: 0, pageLoad: 300000, script: 30000}, unexpectedAlertBehaviour: ignore, unhandledPromptBehavior: ignore, version: 73.0.3683.86, webStorageEnabled: true}
Session ID: e21d575da281d564907bf394ee2ad5c8
*** Element info: {Using=xpath, value=//a[contains(text(), 'Saved') and @href='/feed']}
at java.base/jdk.internal.reflect.NativeConstructorAccessorImpl.newInstance0(Native Method)
at java.base/jdk.internal.reflect.NativeConstructorAccessorImpl.newInstance(NativeConstructorAccessorImpl.java:62)
at java.base/jdk.internal.reflect.DelegatingConstructorAccessorImpl.newInstance(DelegatingConstructorAccessorImpl.java:45)
at java.base/java.lang.reflect.Constructor.newInstance(Constructor.java:490)
at org.openqa.selenium.remote.ErrorHandler.createThrowable(ErrorHandler.java:214)
at org.openqa.selenium.remote.ErrorHandler.throwIfResponseFailed(ErrorHandler.java:166)
at org.openqa.selenium.remote.http.JsonHttpResponseCodec.reconstructValue(JsonHttpResponseCodec.java:40)
at org.openqa.selenium.remote.http.AbstractHttpResponseCodec.decode(AbstractHttpResponseCodec.java:80)
at org.openqa.selenium.remote.http.AbstractHttpResponseCodec.decode(AbstractHttpResponseCodec.java:44)
at org.openqa.selenium.remote.HttpCommandExecutor.execute(HttpCommandExecutor.java:158)
at org.openqa.selenium.remote.service.DriverCommandExecutor.execute(DriverCommandExecutor.java:83)
at org.openqa.selenium.remote.RemoteWebDriver.execute(RemoteWebDriver.java:552)
at org.openqa.selenium.remote.RemoteWebDriver.findElement(RemoteWebDriver.java:323)
at org.openqa.selenium.remote.RemoteWebDriver.findElementByXPath(RemoteWebDriver.java:428)
at org.openqa.selenium.By$ByXPath.findElement(By.java:353)
at org.openqa.selenium.remote.RemoteWebDriver.findElement(RemoteWebDriver.java:315)
at org.openqa.selenium.support.pagefactory.DefaultElementLocator.findElement(DefaultElementLocator.java:69)
at org.openqa.selenium.support.pagefactory.internal.LocatingElementHandler.invoke(LocatingElementHandler.java:38)
at com.sun.proxy.$Proxy10.click(Unknown Source)
at ebayUtil.HomepageUtilities.savedUtility(HomepageUtilities.java:40)
at ebayTests.HomeUtilitiesTests.savedUtilityTest(HomeUtilitiesTests.java:24)
at java.base/jdk.internal.reflect.NativeMethodAccessorImpl.invoke0(Native Method)
at java.base/jdk.internal.reflect.NativeMethodAccessorImpl.invoke(NativeMethodAccessorImpl.java:62)
at java.base/jdk.internal.reflect.DelegatingMethodAccessorImpl.invoke(DelegatingMethodAccessorImpl.java:43)
at java.base/java.lang.reflect.Method.invoke(Method.java:566)
at org.testng.internal.MethodInvocationHelper.invokeMethod(MethodInvocationHelper.java:124)
at org.testng.internal.Invoker.invokeMethod(Invoker.java:583)
at org.testng.internal.Invoker.invokeTestMethod(Invoker.java:719)
at org.testng.internal.Invoker.invokeTestMethods(Invoker.java:989)
at org.testng.internal.TestMethodWorker.invokeTestMethods(TestMethodWorker.java:125)
at org.testng.internal.TestMethodWorker.run(TestMethodWorker.java:109)
at org.testng.TestRunner.privateRun(TestRunner.java:648)
at org.testng.TestRunner.run(TestRunner.java:505)
at org.testng.SuiteRunner.runTest(SuiteRunner.java:455)
at org.testng.SuiteRunner.runSequentially(SuiteRunner.java:450)
at org.testng.SuiteRunner.privateRun(SuiteRunner.java:415)
at org.testng.SuiteRunner.run(SuiteRunner.java:364)
at org.testng.SuiteRunnerWorker.runSuite(SuiteRunnerWorker.java:52)
at org.testng.SuiteRunnerWorker.run(SuiteRunnerWorker.java:84)
at org.testng.TestNG.runSuitesSequentially(TestNG.java:1208)
at org.testng.TestNG.runSuitesLocally(TestNG.java:1137)
at org.testng.TestNG.runSuites(TestNG.java:1049)
at org.testng.TestNG.run(TestNG.java:1017)
at org.apache.maven.surefire.testng.TestNGExecutor.run(TestNGExecutor.java:283)
at org.apache.maven.surefire.testng.TestNGXmlTestSuite.execute(TestNGXmlTestSuite.java:75)
at org.apache.maven.surefire.testng.TestNGProvider.invoke(TestNGProvider.java:120)
at org.apache.maven.surefire.booter.ForkedBooter.invokeProviderInSameClassLoader(ForkedBooter.java:384)
at org.apache.maven.surefire.booter.ForkedBooter.runSuitesInProcess(ForkedBooter.java:345)
at org.apache.maven.surefire.booter.ForkedBooter.execute(ForkedBooter.java:126)
at org.apache.maven.surefire.booter.ForkedBooter.main(ForkedBooter.java:418)
]]>
            </full-stacktrace>
          </exception> <!-- org.openqa.selenium.NoSuchElementException -->
          <reporter-output>
          </reporter-output>
        </test-method> <!-- savedUtilityTest -->
        <test-method is-config="true" signature="cleanUP()[pri:0, instance:ebayTests.HomeUtilitiesTests@48f2bd5b]" started-at="2019-03-24T15:59:58Z" name="cleanUP" finished-at="2019-03-24T15:59:58Z" duration-ms="114" status="PASS">
          <reporter-output>
          </reporter-output>
        </test-method> <!-- cleanUP -->
        <test-method is-config="true" signature="setUp(java.lang.String)[pri:0, instance:ebayTests.HomeUtilitiesTests@48f2bd5b]" started-at="2019-03-24T15:59:58Z" name="setUp" finished-at="2019-03-24T16:00:03Z" duration-ms="5005" status="PASS">
          <params>
            <param index="0">
              <value>
                <![CDATA[https://www.ebay.com/]]>
              </value>
            </param>
          </params>
          <reporter-output>
          </reporter-output>
        </test-method> <!-- setUp -->
        <test-method is-config="true" signature="initelEments()[pri:0, instance:ebayTests.HomeUtilitiesTests@48f2bd5b]" started-at="2019-03-24T16:00:03Z" name="initelEments" finished-at="2019-03-24T16:00:03Z" duration-ms="1" status="PASS">
          <reporter-output>
          </reporter-output>
        </test-method> <!-- initelEments -->
        <test-method signature="sportingGoodsTest()[pri:0, instance:ebayTests.HomeUtilitiesTests@48f2bd5b]" started-at="2019-03-24T16:00:03Z" name="sportingGoodsTest" finished-at="2019-03-24T16:00:07Z" duration-ms="3516" status="PASS">
          <reporter-output>
          </reporter-output>
        </test-method> <!-- sportingGoodsTest -->
        <test-method is-config="true" signature="cleanUP()[pri:0, instance:ebayTests.HomeUtilitiesTests@48f2bd5b]" started-at="2019-03-24T16:00:07Z" name="cleanUP" finished-at="2019-03-24T16:00:07Z" duration-ms="110" status="PASS">
          <reporter-output>
          </reporter-output>
        </test-method> <!-- cleanUP -->
        <test-method is-config="true" signature="setUp(java.lang.String)[pri:0, instance:ebayTests.HomeUtilitiesTests@48f2bd5b]" started-at="2019-03-24T16:00:07Z" name="setUp" finished-at="2019-03-24T16:00:11Z" duration-ms="4301" status="PASS">
          <params>
            <param index="0">
              <value>
                <![CDATA[https://www.ebay.com/]]>
              </value>
            </param>
          </params>
          <reporter-output>
          </reporter-output>
        </test-method> <!-- setUp -->
        <test-method is-config="true" signature="initelEments()[pri:0, instance:ebayTests.HomeUtilitiesTests@48f2bd5b]" started-at="2019-03-24T16:00:11Z" name="initelEments" finished-at="2019-03-24T16:00:11Z" duration-ms="1" status="PASS">
          <reporter-output>
          </reporter-output>
        </test-method> <!-- initelEments -->
        <test-method signature="toysUtilityTest()[pri:0, instance:ebayTests.HomeUtilitiesTests@48f2bd5b]" started-at="2019-03-24T16:00:11Z" name="toysUtilityTest" finished-at="2019-03-24T16:00:13Z" duration-ms="1692" status="PASS">
          <reporter-output>
          </reporter-output>
        </test-method> <!-- toysUtilityTest -->
        <test-method is-config="true" signature="cleanUP()[pri:0, instance:ebayTests.HomeUtilitiesTests@48f2bd5b]" started-at="2019-03-24T16:00:13Z" name="cleanUP" finished-at="2019-03-24T16:00:13Z" duration-ms="102" status="PASS">
          <reporter-output>
          </reporter-output>
        </test-method> <!-- cleanUP -->
        <test-method is-config="true" signature="setUp(java.lang.String)[pri:0, instance:ebayTests.HomeUtilitiesTests@48f2bd5b]" started-at="2019-03-24T16:00:13Z" name="setUp" finished-at="2019-03-24T16:00:18Z" duration-ms="5042" status="PASS">
          <params>
            <param index="0">
              <value>
                <![CDATA[https://www.ebay.com/]]>
              </value>
            </param>
          </params>
          <reporter-output>
          </reporter-output>
        </test-method> <!-- setUp -->
        <test-method is-config="true" signature="initelEments()[pri:0, instance:ebayTests.HomeUtilitiesTests@48f2bd5b]" started-at="2019-03-24T16:00:18Z" name="initelEments" finished-at="2019-03-24T16:00:18Z" duration-ms="1" status="PASS">
          <reporter-output>
          </reporter-output>
        </test-method> <!-- initelEments -->
        <test-method signature="under10utilityTest()[pri:0, instance:ebayTests.HomeUtilitiesTests@48f2bd5b]" started-at="2019-03-24T16:00:18Z" name="under10utilityTest" finished-at="2019-03-24T16:00:19Z" duration-ms="1370" status="PASS">
          <reporter-output>
          </reporter-output>
        </test-method> <!-- under10utilityTest -->
        <test-method is-config="true" signature="cleanUP()[pri:0, instance:ebayTests.HomeUtilitiesTests@48f2bd5b]" started-at="2019-03-24T16:00:19Z" name="cleanUP" finished-at="2019-03-24T16:00:19Z" duration-ms="110" status="PASS">
          <reporter-output>
          </reporter-output>
        </test-method> <!-- cleanUP -->
      </class> <!-- ebayTests.HomeUtilitiesTests -->
      <class name="ebayTests.PurchseTest">
        <test-method is-config="true" signature="setUp(java.lang.String)[pri:0, instance:ebayTests.PurchseTest@7b2bbc3]" started-at="2019-03-24T16:00:19Z" name="setUp" finished-at="2019-03-24T16:00:27Z" duration-ms="7236" status="PASS">
          <params>
            <param index="0">
              <value>
                <![CDATA[https://www.ebay.com/]]>
              </value>
            </param>
          </params>
          <reporter-output>
          </reporter-output>
        </test-method> <!-- setUp -->
        <test-method is-config="true" signature="initElements()[pri:0, instance:ebayTests.PurchseTest@7b2bbc3]" started-at="2019-03-24T16:00:27Z" name="initElements" finished-at="2019-03-24T16:00:27Z" duration-ms="0" status="PASS">
          <reporter-output>
          </reporter-output>
        </test-method> <!-- initElements -->
        <test-method signature="purchaseAnItemTest()[pri:0, instance:ebayTests.PurchseTest@7b2bbc3]" started-at="2019-03-24T16:00:27Z" name="purchaseAnItemTest" finished-at="2019-03-24T16:00:36Z" duration-ms="9484" status="PASS">
          <reporter-output>
          </reporter-output>
        </test-method> <!-- purchaseAnItemTest -->
        <test-method is-config="true" signature="cleanUP()[pri:0, instance:ebayTests.PurchseTest@7b2bbc3]" started-at="2019-03-24T16:00:36Z" name="cleanUP" finished-at="2019-03-24T16:00:36Z" duration-ms="133" status="PASS">
          <reporter-output>
          </reporter-output>
        </test-method> <!-- cleanUP -->
      </class> <!-- ebayTests.PurchseTest -->
    </test> <!-- Ebay Test -->
  </suite> <!-- Ebay Automation Script  -->
</testng-results>
