<?xml version="1.0" encoding="UTF-8"?>
<testsuite xmlns:xsi="http://www.w3.org/2001/XMLSchema-instance" xsi:noNamespaceSchemaLocation="https://maven.apache.org/surefire/maven-surefire-plugin/xsd/surefire-test-report-3.0.xsd" version="3.0" name="TestSuite" time="138.81" tests="16" errors="0" skipped="0" failures="1">
  <properties>
[...]
</properties>
  <testcase name="businessAndIndustrialUtilityTest" classname="ebayTests.HomeUtilitiesTests" time="3.581"/>
  <testcase name="collectiblesAndArtTest" classname="ebayTests.HomeUtilitiesTests" time="1.266"/>
  <testcase name="dealsUtilityTest" classname="ebayTests.HomeUtilitiesTests" time="1.694"/>
  <testcase name="electronicsUtilityTest" classname="ebayTests.HomeUtilitiesTests" time="2.697"/>
  <testcase name="fashionUtilityTest" classname="ebayTests.HomeUtilitiesTests" time="2.587"/>
  <testcase name="homeAndGardenTest" classname="ebayTests.HomeUtilitiesTests" time="1.773"/>
  <testcase name="homeButtonTest" classname="ebayTests.HomeUtilitiesTests" time="0.06"/>
  <testcase name="motorsUtilTest" classname="ebayTests.HomeUtilitiesTests" time="1.633"/>
  <testcase name="musicUtilityTest" classname="ebayTests.HomeUtilitiesTests" time="1.556"/>
  <testcase name="savedUtilityTest" classname="ebayTests.HomeUtilitiesTests" time="10.039">
    <failure message="no such element: Unable to locate element: {&quot;method&quot;:&quot;xpath&quot;,&quot;selector&quot;:&quot;//a[contains(text(), &apos;Saved&apos;) and @href=&apos;/feed&apos;]&quot;}&#10;  (Session info: chrome=73.0.3683.86)&#10;  (Driver info: chromedriver=73.0.3683.68 (47787ec04b6e38e22703e856e101e840b65afe72),platform=Mac OS X 10.14.3 x86_64) (WARNING: The server did not provide any stacktrace information)&#10;Command duration or timeout: 0 milliseconds&#10;For documentation on this error, please visit: https://www.seleniumhq.org/exceptions/no_such_element.html&#10;Build info: version: &apos;3.141.59&apos;, revision: &apos;e82be7d358&apos;, time: &apos;2018-11-14T08:17:03&apos;&#10;System info: host: &apos;Mds-MacBook-Pro.attlocal.net&apos;, ip: &apos;2600:1700:7730:10c0:0:0:0:37%en0&apos;, os.name: &apos;Mac OS X&apos;, os.arch: &apos;x86_64&apos;, os.version: &apos;10.14.3&apos;, java.version: &apos;11.0.2&apos;&#10;Driver info: org.openqa.selenium.chrome.ChromeDriver&#10;Capabilities {acceptInsecureCerts: false, acceptSslCerts: false, applicationCacheEnabled: false, browserConnectionEnabled: false, browserName: chrome, chrome: {chromedriverVersion: 73.0.3683.68 (47787ec04b6e3..., userDataDir: /var/folders/j4/vzdsqcyj4qz...}, cssSelectorsEnabled: true, databaseEnabled: false, goog:chromeOptions: {debuggerAddress: localhost:61087}, handlesAlerts: true, hasTouchScreen: false, javascriptEnabled: true, locationContextEnabled: true, mobileEmulationEnabled: false, nativeEvents: true, networkConnectionEnabled: false, pageLoadStrategy: normal, platform: MAC, platformName: MAC, proxy: Proxy(), rotatable: false, setWindowRect: true, strictFileInteractability: false, takesHeapSnapshot: true, takesScreenshot: true, timeouts: {implicit: 0, pageLoad: 300000, script: 30000}, unexpectedAlertBehaviour: ignore, unhandledPromptBehavior: ignore, version: 73.0.3683.86, webStorageEnabled: true}&#10;Session ID: e21d575da281d564907bf394ee2ad5c8&#10;*** Element info: {Using=xpath, value=//a[contains(text(), &apos;Saved&apos;) and @href=&apos;/feed&apos;]}" type="org.openqa.selenium.NoSuchElementException">org.openqa.selenium.NoSuchElementException: 
no such element: Unable to locate element: {"method":"xpath","selector":"//a[contains(text(), 'Saved') and @href='/feed']"}
  (Session info: chrome=73.0.3683.86)
  (Driver info: chromedriver=73.0.3683.68 (47787ec04b6e38e22703e856e101e840b65afe72),platform=Mac OS X 10.14.3 x86_64) (WARNING: The server did not provide any stacktrace information)
Command duration or timeout: 0 milliseconds
For documentation on this error, please visit: https://www.seleniumhq.org/exceptions/no_such_element.html
Build info: version: '3.141.59', revision: 'e82be7d358', time: '2018-11-14T08:17:03'
System info: host: 'Mds-MacBook-Pro.attlocal.net', ip: '2600:1700:7730:10c0:0:0:0:37%en0', os.name: 'Mac OS X', os.arch: 'x86_64', os.version: '10.14.3', java.version: '11.0.2'
Driver info: org.openqa.selenium.chrome.ChromeDriver
Capabilities {acceptInsecureCerts: false, acceptSslCerts: false, applicationCacheEnabled: false, browserConnectionEnabled: false, browserName: chrome, chrome: {chromedriverVersion: 73.0.3683.68 (47787ec04b6e3..., userDataDir: /var/folders/j4/vzdsqcyj4qz...}, cssSelectorsEnabled: true, databaseEnabled: false, goog:chromeOptions: {debuggerAddress: localhost:61087}, handlesAlerts: true, hasTouchScreen: false, javascriptEnabled: true, locationContextEnabled: true, mobileEmulationEnabled: false, nativeEvents: true, networkConnectionEnabled: false, pageLoadStrategy: normal, platform: MAC, platformName: MAC, proxy: Proxy(), rotatable: false, setWindowRect: true, strictFileInteractability: false, takesHeapSnapshot: true, takesScreenshot: true, timeouts: {implicit: 0, pageLoad: 300000, script: 30000}, unexpectedAlertBehaviour: ignore, unhandledPromptBehavior: ignore, version: 73.0.3683.86, webStorageEnabled: true}
Session ID: e21d575da281d564907bf394ee2ad5c8
*** Element info: {Using=xpath, value=//a[contains(text(), 'Saved') and @href='/feed']}
	at ebayTests.HomeUtilitiesTests.savedUtilityTest(HomeUtilitiesTests.java:24)
</failure>
    <system-err><![CDATA[Starting ChromeDriver 73.0.3683.68 (47787ec04b6e38e22703e856e101e840b65afe72) on port 41819
Only local connections are allowed.
Please protect ports used by ChromeDriver and related test frameworks to prevent access by malicious code.
Mar 24, 2019 11:59:45 AM org.openqa.selenium.remote.ProtocolHandshake createSession
INFO: Detected dialect: OSS
]]></system-err>
  </testcase>
  <testcase name="sportingGoodsTest" classname="ebayTests.HomeUtilitiesTests" time="3.516"/>
  <testcase name="toysUtilityTest" classname="ebayTests.HomeUtilitiesTests" time="1.692"/>
  <testcase name="under10utilityTest" classname="ebayTests.HomeUtilitiesTests" time="1.37"/>
  <testcase name="purchaseAnItemTest" classname="ebayTests.PurchseTest" time="9.483"/>
  <testcase name="registerTest" classname="ebayTests.signInTest" time="4.373"/>
  <testcase name="signInTest" classname="ebayTests.signInTest" time="4.43"/>
</testsuite>